2026-03-13 06:11:24,471 | INFO |  | INFO | Database engine established
2026-03-13 06:11:48,776 | INFO |  | INFO | Database connection established
2026-03-13 06:11:48,777 | INFO |  | DEBUG | Executing query: SELECT * FROM testing_table with params: {}
2026-03-13 06:11:48,780 | INFO |  | ERROR | Fetch unexpected error: cannot convert dictionary update sequence element #0 to a sequence
2026-03-13 06:11:48,783 | INFO |  | ERROR | Error fetching data from testing table: cannot convert dictionary update sequence element #0 to a sequence
2026-03-13 06:16:55,360 | INFO | DATABASE |  | Database engine established
2026-03-13 06:17:01,129 | INFO | DATABASE |  | Database connection established
2026-03-13 06:17:01,132 | DEBUG | DATABASE |  | Executing query: SELECT * FROM testing_table with params: {}
2026-03-13 06:17:01,134 | ERROR | DATABASE |  | Fetch unexpected error: cannot convert dictionary update sequence element #0 to a sequence
Traceback (most recent call last):
  File "/app/functions/database.py", line 76, in fetch_data
    rows = [Row(**dict(row)) for row in result]
                  ^^^^^^^^^
TypeError: cannot convert dictionary update sequence element #0 to a sequence
2026-03-13 06:17:01,146 | ERROR | FUNCTIONS |  | Error fetching data from testing table: cannot convert dictionary update sequence element #0 to a sequence
Traceback (most recent call last):
  File "/app/functions/functions.py", line 16, in get_table_testing
    row = db.fetch_data("testing_table")
          ^^^^^^^^^^^^^^^^^^^^^^^^^^^^^^
  File "/app/functions/database.py", line 76, in fetch_data
    rows = [Row(**dict(row)) for row in result]
                  ^^^^^^^^^
TypeError: cannot convert dictionary update sequence element #0 to a sequence
2026-03-13 13:20:41,499 | INFO | DATABASE |  | Database engine established
2026-03-13 13:20:47,517 | INFO | DATABASE |  | Database connection established
2026-03-13 13:20:47,518 | DEBUG | DATABASE |  | Executing query: SELECT * FROM testing_table with params: {}
2026-03-13 13:20:47,522 | ERROR | DATABASE |  | Fetch unexpected error: cannot convert dictionary update sequence element #0 to a sequence
Traceback (most recent call last):
  File "/app/functions/database.py", line 76, in fetch_data
    rows = [Row(**dict(row)) for row in result]
                  ^^^^^^^^^
TypeError: cannot convert dictionary update sequence element #0 to a sequence
2026-03-13 13:20:47,526 | ERROR | FUNCTIONS |  | Error fetching data from testing table: cannot convert dictionary update sequence element #0 to a sequence
Traceback (most recent call last):
  File "/app/functions/functions.py", line 16, in get_table_testing
    row = db.fetch_data("testing_table")
          ^^^^^^^^^^^^^^^^^^^^^^^^^^^^^^
  File "/app/functions/database.py", line 76, in fetch_data
    rows = [Row(**dict(row)) for row in result]
                  ^^^^^^^^^
TypeError: cannot convert dictionary update sequence element #0 to a sequence
2026-03-13 13:30:06,810 | INFO | DATABASE |  | Database engine established
2026-03-13 13:30:11,708 | DEBUG | DATABASE |  | Executing query: SELECT * FROM testing_table | params={}
2026-03-13 13:30:11,717 | INFO | DATABASE |  | Fetched 1 rows from testing_table
2026-03-13 13:30:11,727 | INFO | FUNCTIONS |  | Fetched 1 rows from testing table
2026-03-13 13:30:11,727 | ERROR | API |  | Error fetching testing tables: Could not locate column in row for column 'to_dict'
Traceback (most recent call last):
  File "/usr/local/lib/python3.12/site-packages/sqlalchemy/engine/result.py", line 211, in _key_not_found
    self._key_fallback(key, None)
  File "/usr/local/lib/python3.12/site-packages/sqlalchemy/engine/cursor.py", line 847, in _key_fallback
    raise exc.NoSuchColumnError(
sqlalchemy.exc.NoSuchColumnError: Could not locate column in row for column 'to_dict'

The above exception was the direct cause of the following exception:

Traceback (most recent call last):
  File "/app/main/main.py", line 15, in get_testing_tables
    return {"data": [row.to_dict() for row in data]}
                     ^^^^^^^^^^^
  File "lib/sqlalchemy/cyextension/resultproxy.pyx", line 66, in sqlalchemy.cyextension.resultproxy.BaseRow.__getattr__
  File "lib/sqlalchemy/cyextension/resultproxy.pyx", line 63, in sqlalchemy.cyextension.resultproxy.BaseRow._get_by_key_impl
  File "/usr/local/lib/python3.12/site-packages/sqlalchemy/engine/result.py", line 213, in _key_not_found
    raise AttributeError(ke.args[0]) from ke
AttributeError: Could not locate column in row for column 'to_dict'
2026-03-13 13:30:53,433 | INFO | DATABASE |  | Database engine established
2026-03-13 13:30:55,535 | DEBUG | DATABASE |  | Executing query: SELECT * FROM testing_table | params={}
2026-03-13 13:30:55,538 | INFO | DATABASE |  | Fetched 1 rows from testing_table
2026-03-13 13:30:55,539 | INFO | FUNCTIONS |  | Fetched 1 rows from testing table
2026-03-13 13:31:35,044 | DEBUG | DATABASE |  | Executing query: SELECT * FROM testing_table | params={}
2026-03-13 13:31:35,047 | INFO | DATABASE |  | Fetched 1 rows from testing_table
2026-03-13 13:31:35,048 | INFO | FUNCTIONS |  | Fetched 1 rows from testing table
